<?xml version="1.0" encoding="UTF-8"?>
<!-- Generated by org.testng.reporters.JUnitXMLReporter -->
<testsuite ignored="0" hostname="subham" failures="0" tests="5" name="Default test" time="25.809" errors="0" timestamp="2024-04-05T00:55:26 IST">
  <testcase classname="Teachmint.ValidateTeachMintSCLCertificateTest" name="loginTest" time="2.574"/>
  <testcase classname="Teachmint.ValidateTeachMintSCLCertificateTest" name="selectAccountTest" time="4.412"/>
  <testcase classname="Teachmint.ValidateTeachMintSCLCertificateTest" name="adminstTest" time="1.791"/>
  <testcase classname="Teachmint.ValidateTeachMintSCLCertificateTest" name="certificateTest" time="5.786"/>
  <testcase classname="Teachmint.ValidateTeachMintSCLCertificateTest" name="enterDetails$ValidateTest" time="7.798"/>
</testsuite> <!-- Default test -->
