<?xml version="1.0" encoding="UTF-8"?>
<testng-results ignored="0" total="5" passed="5" failed="0" skipped="0">
  <reporter-output>
    <line>
      <![CDATA[Successfully Login]]>
    </line>
    <line>
      <![CDATA[Document generated successfully]]>
    </line>
  </reporter-output>
  <suite started-at="2024-04-05T00:55:00 IST" name="Default suite" finished-at="2024-04-05T00:55:26 IST" duration-ms="25809">
    <groups>
    </groups>
    <test started-at="2024-04-05T00:55:00 IST" name="Default test" finished-at="2024-04-05T00:55:26 IST" duration-ms="25809">
      <class name="Teachmint.ValidateTeachMintSCLCertificateTest">
        <test-method is-config="true" signature="config_BC()[pri:0, instance:Teachmint.ValidateTeachMintSCLCertificateTest@76508ed1]" started-at="2024-04-05T00:55:01 IST" name="config_BC" finished-at="2024-04-05T00:55:04 IST" duration-ms="2998" status="PASS">
          <reporter-output>
          </reporter-output>
        </test-method> <!-- config_BC -->
        <test-method signature="loginTest()[pri:0, instance:Teachmint.ValidateTeachMintSCLCertificateTest@76508ed1]" started-at="2024-04-05T00:55:04 IST" name="loginTest" finished-at="2024-04-05T00:55:06 IST" duration-ms="2574" status="PASS">
          <reporter-output>
            <line>
              <![CDATA[Successfully Login]]>
            </line>
          </reporter-output>
        </test-method> <!-- loginTest -->
        <test-method signature="selectAccountTest()[pri:0, instance:Teachmint.ValidateTeachMintSCLCertificateTest@76508ed1]" started-at="2024-04-05T00:55:06 IST" name="selectAccountTest" finished-at="2024-04-05T00:55:11 IST" depends-on-methods="Teachmint.ValidateTeachMintSCLCertificateTest.loginTest" duration-ms="4412" status="PASS">
          <reporter-output>
          </reporter-output>
        </test-method> <!-- selectAccountTest -->
        <test-method signature="adminstTest()[pri:0, instance:Teachmint.ValidateTeachMintSCLCertificateTest@76508ed1]" started-at="2024-04-05T00:55:11 IST" name="adminstTest" finished-at="2024-04-05T00:55:12 IST" depends-on-methods="Teachmint.ValidateTeachMintSCLCertificateTest.selectAccountTest" duration-ms="1791" status="PASS">
          <reporter-output>
          </reporter-output>
        </test-method> <!-- adminstTest -->
        <test-method signature="certificateTest()[pri:0, instance:Teachmint.ValidateTeachMintSCLCertificateTest@76508ed1]" started-at="2024-04-05T00:55:12 IST" name="certificateTest" finished-at="2024-04-05T00:55:18 IST" depends-on-methods="Teachmint.ValidateTeachMintSCLCertificateTest.adminstTest" duration-ms="5786" status="PASS">
          <reporter-output>
          </reporter-output>
        </test-method> <!-- certificateTest -->
        <test-method signature="enterDetails$ValidateTest()[pri:0, instance:Teachmint.ValidateTeachMintSCLCertificateTest@76508ed1]" started-at="2024-04-05T00:55:18 IST" name="enterDetails$ValidateTest" finished-at="2024-04-05T00:55:26 IST" depends-on-methods="Teachmint.ValidateTeachMintSCLCertificateTest.certificateTest" duration-ms="7798" status="PASS">
          <reporter-output>
            <line>
              <![CDATA[Document generated successfully]]>
            </line>
          </reporter-output>
        </test-method> <!-- enterDetails$ValidateTest -->
        <test-method is-config="true" signature="config_AM()[pri:0, instance:Teachmint.ValidateTeachMintSCLCertificateTest@76508ed1]" started-at="2024-04-05T00:55:26 IST" name="config_AM" finished-at="2024-04-05T00:55:26 IST" duration-ms="399" status="PASS">
          <reporter-output>
          </reporter-output>
        </test-method> <!-- config_AM -->
      </class> <!-- Teachmint.ValidateTeachMintSCLCertificateTest -->
    </test> <!-- Default test -->
  </suite> <!-- Default suite -->
</testng-results>
